This is pdfTeX, Version 3.14159265-2.6-1.40.20 (MiKTeX 2.9.7000 64-bit) (preloaded format=pdflatex 2019.5.28)  29 NOV 2019 15:23
entering extended mode
**./PCPK.tex
(PCPK.tex
LaTeX2e <2018-12-01>
(ociamthesis.cls
Document Class: ociamthesis 2010/11/22 v2.2 OCIAM thesis class

("C:\Users\bobbidybob\AppData\Local\Programs\MiKTeX 2.9\tex/latex/base\report.c
ls"
Document Class: report 2018/09/03 v1.4i Standard LaTeX document class

("C:\Users\bobbidybob\AppData\Local\Programs\MiKTeX 2.9\tex/latex/base\size12.c
lo"
File: size12.clo 2018/09/03 v1.4i Standard LaTeX file (size option)
)
\c@part=\count80
\c@chapter=\count81
\c@section=\count82
\c@subsection=\count83
\c@subsubsection=\count84
\c@paragraph=\count85
\c@subparagraph=\count86
\c@figure=\count87
\c@table=\count88
\abovecaptionskip=\skip41
\belowcaptionskip=\skip42
\bibindent=\dimen102
)
("C:\Users\bobbidybob\AppData\Local\Programs\MiKTeX 2.9\tex/latex/graphics\grap
hicx.sty"
Package: graphicx 2017/06/01 v1.1a Enhanced LaTeX Graphics (DPC,SPQR)

("C:\Users\bobbidybob\AppData\Local\Programs\MiKTeX 2.9\tex/latex/graphics\keyv
al.sty"
Package: keyval 2014/10/28 v1.15 key=value parser (DPC)
\KV@toks@=\toks14
)
("C:\Users\bobbidybob\AppData\Local\Programs\MiKTeX 2.9\tex/latex/graphics\grap
hics.sty"
Package: graphics 2017/06/25 v1.2c Standard LaTeX Graphics (DPC,SPQR)

("C:\Users\bobbidybob\AppData\Local\Programs\MiKTeX 2.9\tex/latex/graphics\trig
.sty"
Package: trig 2016/01/03 v1.10 sin cos tan (DPC)
)
("C:\Users\bobbidybob\AppData\Local\Programs\MiKTeX 2.9\tex/latex/graphics-cfg\
graphics.cfg"
File: graphics.cfg 2016/06/04 v1.11 sample graphics configuration
)
Package graphics Info: Driver file: pdftex.def on input line 99.

("C:\Users\bobbidybob\AppData\Local\Programs\MiKTeX 2.9\tex/latex/graphics-def\
pdftex.def"
File: pdftex.def 2018/01/08 v1.0l Graphics/color driver for pdftex
))
\Gin@req@height=\dimen103
\Gin@req@width=\dimen104
)
("C:\Users\bobbidybob\AppData\Local\Programs\MiKTeX 2.9\tex/latex/base\ifthen.s
ty"
Package: ifthen 2014/09/29 v1.1c Standard LaTeX ifthen package (DPC)
))
("C:\Users\bobbidybob\AppData\Local\Programs\MiKTeX 2.9\tex/latex/hyperref\hype
rref.sty"
Package: hyperref 2018/11/30 v6.88e Hypertext links for LaTeX

("C:\Users\bobbidybob\AppData\Local\Programs\MiKTeX 2.9\tex/generic/oberdiek\ho
bsub-hyperref.sty"
Package: hobsub-hyperref 2016/05/16 v1.14 Bundle oberdiek, subset hyperref (HO)


("C:\Users\bobbidybob\AppData\Local\Programs\MiKTeX 2.9\tex/generic/oberdiek\ho
bsub-generic.sty"
Package: hobsub-generic 2016/05/16 v1.14 Bundle oberdiek, subset generic (HO)
Package: hobsub 2016/05/16 v1.14 Construct package bundles (HO)
Package: infwarerr 2016/05/16 v1.4 Providing info/warning/error messages (HO)
Package: ltxcmds 2016/05/16 v1.23 LaTeX kernel commands for general use (HO)
Package: ifluatex 2016/05/16 v1.4 Provides the ifluatex switch (HO)
Package ifluatex Info: LuaTeX not detected.
Package: ifvtex 2016/05/16 v1.6 Detect VTeX and its facilities (HO)
Package ifvtex Info: VTeX not detected.
Package: intcalc 2016/05/16 v1.2 Expandable calculations with integers (HO)
Package: ifpdf 2018/09/07 v3.3 Provides the ifpdf switch
Package: etexcmds 2016/05/16 v1.6 Avoid name clashes with e-TeX commands (HO)
Package: kvsetkeys 2016/05/16 v1.17 Key value parser (HO)
Package: kvdefinekeys 2016/05/16 v1.4 Define keys (HO)
Package: pdftexcmds 2018/09/10 v0.29 Utility functions of pdfTeX for LuaTeX (HO
)
Package pdftexcmds Info: LuaTeX not detected.
Package pdftexcmds Info: \pdf@primitive is available.
Package pdftexcmds Info: \pdf@ifprimitive is available.
Package pdftexcmds Info: \pdfdraftmode found.
Package: pdfescape 2016/05/16 v1.14 Implements pdfTeX's escape features (HO)
Package: bigintcalc 2016/05/16 v1.4 Expandable calculations on big integers (HO
)
Package: bitset 2016/05/16 v1.2 Handle bit-vector datatype (HO)
Package: uniquecounter 2016/05/16 v1.3 Provide unlimited unique counter (HO)
)
Package hobsub Info: Skipping package `hobsub' (already loaded).
Package: letltxmacro 2016/05/16 v1.5 Let assignment for LaTeX macros (HO)
Package: hopatch 2016/05/16 v1.3 Wrapper for package hooks (HO)
Package: xcolor-patch 2016/05/16 xcolor patch
Package: atveryend 2016/05/16 v1.9 Hooks at the very end of document (HO)
Package atveryend Info: \enddocument detected (standard20110627).
Package: atbegshi 2016/06/09 v1.18 At begin shipout hook (HO)
Package: refcount 2016/05/16 v3.5 Data extraction from label references (HO)
Package: hycolor 2016/05/16 v1.8 Color options for hyperref/bookmark (HO)
)
("C:\Users\bobbidybob\AppData\Local\Programs\MiKTeX 2.9\tex/generic/ifxetex\ifx
etex.sty"
Package: ifxetex 2010/09/12 v0.6 Provides ifxetex conditional
)
("C:\Users\bobbidybob\AppData\Local\Programs\MiKTeX 2.9\tex/latex/oberdiek\auxh
ook.sty"
Package: auxhook 2016/05/16 v1.4 Hooks for auxiliary files (HO)
)
("C:\Users\bobbidybob\AppData\Local\Programs\MiKTeX 2.9\tex/latex/oberdiek\kvop
tions.sty"
Package: kvoptions 2016/05/16 v3.12 Key value format for package options (HO)
)
\@linkdim=\dimen105
\Hy@linkcounter=\count89
\Hy@pagecounter=\count90

("C:\Users\bobbidybob\AppData\Local\Programs\MiKTeX 2.9\tex/latex/hyperref\pd1e
nc.def"
File: pd1enc.def 2018/11/30 v6.88e Hyperref: PDFDocEncoding definition (HO)
Now handling font encoding PD1 ...
... no UTF-8 mapping file for font encoding PD1
)
\Hy@SavedSpaceFactor=\count91

("C:\Users\bobbidybob\AppData\Local\Programs\MiKTeX 2.9\tex/latex/00miktex\hype
rref.cfg"
File: hyperref.cfg 2002/06/06 v1.2 hyperref configuration of TeXLive
)
Package hyperref Info: Hyper figures OFF on input line 4519.
Package hyperref Info: Link nesting OFF on input line 4524.
Package hyperref Info: Hyper index ON on input line 4527.
Package hyperref Info: Plain pages OFF on input line 4534.
Package hyperref Info: Backreferencing OFF on input line 4539.
Package hyperref Info: Implicit mode ON; LaTeX internals redefined.
Package hyperref Info: Bookmarks ON on input line 4772.
\c@Hy@tempcnt=\count92

("C:\Users\bobbidybob\AppData\Local\Programs\MiKTeX 2.9\tex/latex/url\url.sty"
\Urlmuskip=\muskip10
Package: url 2013/09/16  ver 3.4  Verb mode for urls, etc.
)
LaTeX Info: Redefining \url on input line 5125.
\XeTeXLinkMargin=\dimen106
\Fld@menulength=\count93
\Field@Width=\dimen107
\Fld@charsize=\dimen108
Package hyperref Info: Hyper figures OFF on input line 6380.
Package hyperref Info: Link nesting OFF on input line 6385.
Package hyperref Info: Hyper index ON on input line 6388.
Package hyperref Info: backreferencing OFF on input line 6395.
Package hyperref Info: Link coloring OFF on input line 6400.
Package hyperref Info: Link coloring with OCG OFF on input line 6405.
Package hyperref Info: PDF/A mode OFF on input line 6410.
LaTeX Info: Redefining \ref on input line 6450.
LaTeX Info: Redefining \pageref on input line 6454.
\Hy@abspage=\count94
\c@Item=\count95
\c@Hfootnote=\count96
)
Package hyperref Info: Driver (autodetected): hpdftex.

("C:\Users\bobbidybob\AppData\Local\Programs\MiKTeX 2.9\tex/latex/hyperref\hpdf
tex.def"
File: hpdftex.def 2018/11/30 v6.88e Hyperref driver for pdfTeX
\Fld@listcount=\count97
\c@bookmark@seq@number=\count98

("C:\Users\bobbidybob\AppData\Local\Programs\MiKTeX 2.9\tex/latex/oberdiek\reru
nfilecheck.sty"
Package: rerunfilecheck 2016/05/16 v1.8 Rerun checks for auxiliary files (HO)
Package uniquecounter Info: New unique counter `rerunfilecheck' on input line 2
82.
)
\Hy@SectionHShift=\skip43
)
("C:\Users\bobbidybob\AppData\Local\Programs\MiKTeX 2.9\tex/latex/amsfonts\amss
ymb.sty"
Package: amssymb 2013/01/14 v3.01 AMS font symbols

("C:\Users\bobbidybob\AppData\Local\Programs\MiKTeX 2.9\tex/latex/amsfonts\amsf
onts.sty"
Package: amsfonts 2013/01/14 v3.01 Basic AMSFonts support
\@emptytoks=\toks15
\symAMSa=\mathgroup4
\symAMSb=\mathgroup5
LaTeX Font Info:    Overwriting math alphabet `\mathfrak' in version `bold'
(Font)                  U/euf/m/n --> U/euf/b/n on input line 106.
))
("C:\Users\bobbidybob\AppData\Local\Programs\MiKTeX 2.9\tex/latex/amsmath\amsma
th.sty"
Package: amsmath 2018/12/01 v2.17b AMS math features
\@mathmargin=\skip44

For additional information on amsmath, use the `?' option.

("C:\Users\bobbidybob\AppData\Local\Programs\MiKTeX 2.9\tex/latex/amsmath\amste
xt.sty"
Package: amstext 2000/06/29 v2.01 AMS text

("C:\Users\bobbidybob\AppData\Local\Programs\MiKTeX 2.9\tex/latex/amsmath\amsge
n.sty"
File: amsgen.sty 1999/11/30 v2.0 generic functions
\@emptytoks=\toks16
\ex@=\dimen109
))
("C:\Users\bobbidybob\AppData\Local\Programs\MiKTeX 2.9\tex/latex/amsmath\amsbs
y.sty"
Package: amsbsy 1999/11/29 v1.2d Bold Symbols
\pmbraise@=\dimen110
)
("C:\Users\bobbidybob\AppData\Local\Programs\MiKTeX 2.9\tex/latex/amsmath\amsop
n.sty"
Package: amsopn 2016/03/08 v2.02 operator names
)
\inf@bad=\count99
LaTeX Info: Redefining \frac on input line 223.
\uproot@=\count100
\leftroot@=\count101
LaTeX Info: Redefining \overline on input line 385.
\classnum@=\count102
\DOTSCASE@=\count103
LaTeX Info: Redefining \ldots on input line 482.
LaTeX Info: Redefining \dots on input line 485.
LaTeX Info: Redefining \cdots on input line 606.
\Mathstrutbox@=\box27
\strutbox@=\box28
\big@size=\dimen111
LaTeX Font Info:    Redeclaring font encoding OML on input line 729.
LaTeX Font Info:    Redeclaring font encoding OMS on input line 730.
\macc@depth=\count104
\c@MaxMatrixCols=\count105
\dotsspace@=\muskip11
\c@parentequation=\count106
\dspbrk@lvl=\count107
\tag@help=\toks17
\row@=\count108
\column@=\count109
\maxfields@=\count110
\andhelp@=\toks18
\eqnshift@=\dimen112
\alignsep@=\dimen113
\tagshift@=\dimen114
\tagwidth@=\dimen115
\totwidth@=\dimen116
\lineht@=\dimen117
\@envbody=\toks19
\multlinegap=\skip45
\multlinetaggap=\skip46
\mathdisplay@stack=\toks20
LaTeX Info: Redefining \[ on input line 2844.
LaTeX Info: Redefining \] on input line 2845.
)
("C:\Users\bobbidybob\AppData\Local\Programs\MiKTeX 2.9\tex/latex/tools\longtab
le.sty"
Package: longtable 2014/10/28 v4.11 Multi-page Table package (DPC)+ FMi change
\LTleft=\skip47
\LTright=\skip48
\LTpre=\skip49
\LTpost=\skip50
\LTchunksize=\count111
\LTcapwidth=\dimen118
\LT@head=\box29
\LT@firsthead=\box30
\LT@foot=\box31
\LT@lastfoot=\box32
\LT@cols=\count112
\LT@rows=\count113
\c@LT@tables=\count114
\c@LT@chunks=\count115
\LT@p@ftn=\toks21
)
("C:\Users\bobbidybob\AppData\Local\Programs\MiKTeX 2.9\tex/latex/listings\list
ings.sty"
\lst@mode=\count116
\lst@gtempboxa=\box33
\lst@token=\toks22
\lst@length=\count117
\lst@currlwidth=\dimen119
\lst@column=\count118
\lst@pos=\count119
\lst@lostspace=\dimen120
\lst@width=\dimen121
\lst@newlines=\count120
\lst@lineno=\count121
\lst@maxwidth=\dimen122

("C:\Users\bobbidybob\AppData\Local\Programs\MiKTeX 2.9\tex/latex/listings\lstm
isc.sty"
File: lstmisc.sty 2019/09/10 1.8c (Carsten Heinz)
\c@lstnumber=\count122
\lst@skipnumbers=\count123
\lst@framebox=\box34
)
("C:\Users\bobbidybob\AppData\Local\Programs\MiKTeX 2.9\tex/latex/listings\list
ings.cfg"
File: listings.cfg 2019/09/10 1.8c listings configuration
))
Package: listings 2019/09/10 1.8c (Carsten Heinz)

("C:\Users\bobbidybob\AppData\Local\Programs\MiKTeX 2.9\tex/latex/graphics\colo
r.sty"
Package: color 2016/07/10 v1.1e Standard LaTeX Color (DPC)

("C:\Users\bobbidybob\AppData\Local\Programs\MiKTeX 2.9\tex/latex/graphics-cfg\
color.cfg"
File: color.cfg 2016/01/02 v1.6 sample color configuration
)
Package color Info: Driver file: pdftex.def on input line 147.
)
("C:\Users\bobbidybob\AppData\Local\Programs\MiKTeX 2.9\tex/latex/listings\lstl
ang1.sty"
File: lstlang1.sty 2019/09/10 1.8c listings language file
) (PCPK.aux (section/dedication.aux) (section/acknowlegements.aux)
(section/abstract.aux) (section/chapter1.aux) (section/chapter2.aux))
\openout1 = `PCPK.aux'.

LaTeX Font Info:    Checking defaults for OML/cmm/m/it on input line 60.
LaTeX Font Info:    ... okay on input line 60.
LaTeX Font Info:    Checking defaults for T1/cmr/m/n on input line 60.
LaTeX Font Info:    ... okay on input line 60.
LaTeX Font Info:    Checking defaults for OT1/cmr/m/n on input line 60.
LaTeX Font Info:    ... okay on input line 60.
LaTeX Font Info:    Checking defaults for OMS/cmsy/m/n on input line 60.
LaTeX Font Info:    ... okay on input line 60.
LaTeX Font Info:    Checking defaults for OMX/cmex/m/n on input line 60.
LaTeX Font Info:    ... okay on input line 60.
LaTeX Font Info:    Checking defaults for U/cmr/m/n on input line 60.
LaTeX Font Info:    ... okay on input line 60.
LaTeX Font Info:    Checking defaults for PD1/pdf/m/n on input line 60.
LaTeX Font Info:    ... okay on input line 60.

("C:\Users\bobbidybob\AppData\Local\Programs\MiKTeX 2.9\tex/context/base/mkii\s
upp-pdf.mkii"
[Loading MPS to PDF converter (version 2006.09.02).]
\scratchcounter=\count124
\scratchdimen=\dimen123
\scratchbox=\box35
\nofMPsegments=\count125
\nofMParguments=\count126
\everyMPshowfont=\toks23
\MPscratchCnt=\count127
\MPscratchDim=\dimen124
\MPnumerator=\count128
\makeMPintoPDFobject=\count129
\everyMPtoPDFconversion=\toks24
)
("C:\Users\bobbidybob\AppData\Local\Programs\MiKTeX 2.9\tex/latex/oberdiek\epst
opdf-base.sty"
Package: epstopdf-base 2016/05/15 v2.6 Base part for package epstopdf

("C:\Users\bobbidybob\AppData\Local\Programs\MiKTeX 2.9\tex/latex/oberdiek\grfe
xt.sty"
Package: grfext 2016/05/16 v1.2 Manage graphics extensions (HO)
)
Package epstopdf-base Info: Redefining graphics rule for `.eps' on input line 4
38.
Package grfext Info: Graphics extension search list:
(grfext)             [.pdf,.png,.jpg,.mps,.jpeg,.jbig2,.jb2,.PDF,.PNG,.JPG,.JPE
G,.JBIG2,.JB2,.eps]
(grfext)             \AppendGraphicsExtensions on input line 456.
)
\AtBeginShipoutBox=\box36
Package hyperref Info: Link coloring OFF on input line 60.

("C:\Users\bobbidybob\AppData\Local\Programs\MiKTeX 2.9\tex/latex/hyperref\name
ref.sty"
Package: nameref 2016/05/21 v2.44 Cross-referencing by name of section

("C:\Users\bobbidybob\AppData\Local\Programs\MiKTeX 2.9\tex/generic/oberdiek\ge
ttitlestring.sty"
Package: gettitlestring 2016/05/16 v1.5 Cleanup title references (HO)
)
\c@section@level=\count130
)
LaTeX Info: Redefining \ref on input line 60.
LaTeX Info: Redefining \pageref on input line 60.
LaTeX Info: Redefining \nameref on input line 60.
 (PCPK.out) (PCPK.out)
\@outlinefile=\write3
\openout3 = `PCPK.out'.

\c@lstlisting=\count131
<irc.png, id=23, 205.76875pt x 113.42375pt>
File: irc.png Graphic file (type png)
<use irc.png>
Package pdftex.def Info: irc.png  used on input line 72.
(pdftex.def)             Requested size: 91.04881pt x 50.18697pt.
LaTeX Font Info:    Try loading font information for U+msa on input line 72.

("C:\Users\bobbidybob\AppData\Local\Programs\MiKTeX 2.9\tex/latex/amsfonts\umsa
.fd"
File: umsa.fd 2013/01/14 v3.01 AMS symbols A
)
LaTeX Font Info:    Try loading font information for U+msb on input line 72.

("C:\Users\bobbidybob\AppData\Local\Programs\MiKTeX 2.9\tex/latex/amsfonts\umsb
.fd"
File: umsb.fd 2013/01/14 v3.01 AMS symbols B
)
Overfull \hbox (52.6338pt too wide) in paragraph at lines 72--72
 [][] 
 []

[1


{C:/Users/bobbidybob/AppData/Local/MiKTeX/2.9/pdftex/config/pdftex.map} <./irc.
png>]
\openout2 = `section/dedication.aux'.

 (section/dedication.tex [2


])
\openout2 = `section/acknowlegements.aux'.

 (section/acknowlegements.tex [3



])
\openout2 = `section/abstract.aux'.


(section/abstract.tex [4



]) (PCPK.toc)
\tf@toc=\write4
\openout4 = `PCPK.toc'.

 [1



] (PCPK.lof)
\tf@lof=\write5
\openout5 = `PCPK.lof'.

 [2

]
\openout2 = `section/chapter1.aux'.

 (section/chapter1.tex
Chapter 1.
<figures/if.png, id=114, 870.25125pt x 554.07pt>
File: figures/if.png Graphic file (type png)
<use figures/if.png>
Package pdftex.def Info: figures/if.png  used on input line 13.
(pdftex.def)             Requested size: 284.52756pt x 181.15277pt.
pdfTeX warning (ext4): destination with the same identifier (name{page.1}) has 
been already used, duplicate ignored
<to be read again> 
                   \relax 
l.18 \newpage
              [1



 <./figures/if.png>]
<figures/klikkepo.png, id=121, 918.43124pt x 461.47406pt>
File: figures/klikkepo.png Graphic file (type png)
<use figures/klikkepo.png>
Package pdftex.def Info: figures/klikkepo.png  used on input line 23.
(pdftex.def)             Requested size: 284.52756pt x 142.96393pt.
<figures/kepo.png, id=122, 705.38531pt x 107.65219pt>
File: figures/kepo.png Graphic file (type png)
<use figures/kepo.png>
Package pdftex.def Info: figures/kepo.png  used on input line 32.
(pdftex.def)             Requested size: 284.52756pt x 43.42313pt.
<figures/tutor.png, id=123, 978.65625pt x 520.19344pt>
File: figures/tutor.png Graphic file (type png)
<use figures/tutor.png>
Package pdftex.def Info: figures/tutor.png  used on input line 41.
(pdftex.def)             Requested size: 369.88582pt x 196.61192pt.
pdfTeX warning (ext4): destination with the same identifier (name{page.2}) has 
been already used, duplicate ignored
<to be read again> 
                   \relax 
l.45 \newpage
              [2 <./figures/klikkepo.png> <./figures/kepo.png> <./figures/tutor
.png>]
<figures/rename.png, id=132, 465.23813pt x 274.02374pt>
File: figures/rename.png Graphic file (type png)
<use figures/rename.png>
Package pdftex.def Info: figures/rename.png  used on input line 50.
(pdftex.def)             Requested size: 284.52756pt x 167.58908pt.
<figures/newrepo.png, id=133, 761.84625pt x 499.11469pt>
File: figures/newrepo.png Graphic file (type png)
<use figures/newrepo.png>
Package pdftex.def Info: figures/newrepo.png  used on input line 58.
(pdftex.def)             Requested size: 369.88582pt x 242.32164pt.
pdfTeX warning (ext4): destination with the same identifier (name{page.3}) has 
been already used, duplicate ignored
<to be read again> 
                   \relax 
l.62 \newpage
              [3 <./figures/rename.png> <./figures/newrepo.png>]
<figures/issues.png, id=141, 630.10406pt x 434.37282pt>
File: figures/issues.png Graphic file (type png)
<use figures/issues.png>
Package pdftex.def Info: figures/issues.png  used on input line 68.
(pdftex.def)             Requested size: 284.52756pt x 196.14201pt.
<figures/versichrome.png, id=142, 621.82312pt x 232.61906pt>
File: figures/versichrome.png Graphic file (type png)
<use figures/versichrome.png>
Package pdftex.def Info: figures/versichrome.png  used on input line 76.
(pdftex.def)             Requested size: 284.52756pt x 106.43814pt.
<figures/chromedriver.png, id=143, 539.76656pt x 256.70906pt>
File: figures/chromedriver.png Graphic file (type png)
<use figures/chromedriver.png>
Package pdftex.def Info: figures/chromedriver.png  used on input line 82.
(pdftex.def)             Requested size: 284.52756pt x 135.32265pt.
pdfTeX warning (ext4): destination with the same identifier (name{page.4}) has 
been already used, duplicate ignored
<to be read again> 
                   \relax 
l.86 \newpage
              [4 <./figures/issues.png> <./figures/versichrome.png> <./figures/
chromedriver.png>]
<figures/pindahchrome.png, id=152, 596.98032pt x 390.70969pt>
File: figures/pindahchrome.png Graphic file (type png)
<use figures/pindahchrome.png>
Package pdftex.def Info: figures/pindahchrome.png  used on input line 92.
(pdftex.def)             Requested size: 284.52756pt x 186.21501pt.
<figures/folderkepo.png, id=153, 539.76656pt x 267.24844pt>
File: figures/folderkepo.png Graphic file (type png)
<use figures/folderkepo.png>
Package pdftex.def Info: figures/folderkepo.png  used on input line 100.
(pdftex.def)             Requested size: 284.52756pt x 140.87843pt.
 [5 <./figures/pindahchrome.png> <./figures/folderkepo.png>]
<figures/cmd.png, id=162, 481.8pt x 386.94562pt>
File: figures/cmd.png Graphic file (type png)
<use figures/cmd.png>
Package pdftex.def Info: figures/cmd.png  used on input line 111.
(pdftex.def)             Requested size: 284.52756pt x 228.51439pt.
<figures/inputt.png, id=163, 299.61937pt x 178.41656pt>
File: figures/inputt.png Graphic file (type png)
<use figures/inputt.png>
Package pdftex.def Info: figures/inputt.png  used on input line 119.
(pdftex.def)             Requested size: 284.52756pt x 169.44302pt.

[6 <./figures/cmd.png> <./figures/inputt.png>]
<figures/qrcode.png, id=172, 275.52937pt x 53.44969pt>
File: figures/qrcode.png Graphic file (type png)
<use figures/qrcode.png>
Package pdftex.def Info: figures/qrcode.png  used on input line 129.
(pdftex.def)             Requested size: 284.52756pt x 55.20058pt.
<figures/iniqrcode.png, id=173, 205.5178pt x 204.765pt>
File: figures/iniqrcode.png Graphic file (type png)
<use figures/iniqrcode.png>
Package pdftex.def Info: figures/iniqrcode.png  used on input line 136.
(pdftex.def)             Requested size: 284.52756pt x 283.50706pt.
 [7 <./figures/qrcode.png> <./figures/iniqrcode.png>]
<figures/issueskurang.png, id=182, 486.31688pt x 83.5622pt>
File: figures/issueskurang.png Graphic file (type png)
<use figures/issueskurang.png>
Package pdftex.def Info: figures/issueskurang.png  used on input line 149.
(pdftex.def)             Requested size: 426.79134pt x 73.33348pt.
) [8 <./figures/issueskurang.png>]
\openout2 = `section/chapter2.aux'.

 (section/chapter2.tex
Chapter 2.
<figures/file.png, id=188, 642.90187pt x 316.93407pt>
File: figures/file.png Graphic file (type png)
<use figures/file.png>
Package pdftex.def Info: figures/file.png  used on input line 11.
(pdftex.def)             Requested size: 199.16928pt x 98.18567pt.
<figures/error.png, id=189, 799.48688pt x 515.67656pt>
File: figures/error.png Graphic file (type png)
<use figures/error.png>
Package pdftex.def Info: figures/error.png  used on input line 19.
(pdftex.def)             Requested size: 199.16928pt x 128.46243pt.
[9



 <./figures/file.png> <./figures/error.png>]
<figures/bukafolder.png, id=198, 487.06969pt x 374.14781pt>
File: figures/bukafolder.png Graphic file (type png)
<use figures/bukafolder.png>
Package pdftex.def Info: figures/bukafolder.png  used on input line 29.
(pdftex.def)             Requested size: 284.52756pt x 218.56444pt.
<figures/git.png, id=199, 464.4853pt x 359.09157pt>
File: figures/git.png Graphic file (type png)
<use figures/git.png>
Package pdftex.def Info: figures/git.png  used on input line 37.
(pdftex.def)             Requested size: 341.43306pt x 263.96474pt.
 [10 <./figures/bukafolder.png> <./figures/git.png>]
<figures/atasi.png, id=208, 506.6428pt x 136.25906pt>
File: figures/atasi.png Graphic file (type png)
<use figures/atasi.png>
Package pdftex.def Info: figures/atasi.png  used on input line 47.
(pdftex.def)             Requested size: 284.52756pt x 76.52284pt.

Overfull \hbox (2.0181pt too wide) in paragraph at lines 51--52
[]\OT1/cmr/m/n/12 Buka file yang dile-takkan di LocalDiskC-users-namafolder. Ke
-mu-dian klik kanan
 []

File: figures/bukafolder.png Graphic file (type png)
<use figures/bukafolder.png>
Package pdftex.def Info: figures/bukafolder.png  used on input line 55.
(pdftex.def)             Requested size: 284.52756pt x 218.56444pt.
[11 <./figures/atasi.png>]
<figures/ketik.png, id=216, 487.06969pt x 362.85562pt>
File: figures/ketik.png Graphic file (type png)
<use figures/ketik.png>
Package pdftex.def Info: figures/ketik.png  used on input line 65.
(pdftex.def)             Requested size: 284.52756pt x 211.96793pt.
<figures/errordanpenaganan.png, id=217, 621.82312pt x 346.29375pt>
File: figures/errordanpenaganan.png Graphic file (type png)
<use figures/errordanpenaganan.png>
Package pdftex.def Info: figures/errordanpenaganan.png  used on input line 73.
(pdftex.def)             Requested size: 284.52756pt x 158.4516pt.
 [12 <./figures/ketik.png> <./figures/errordanpenaganan.png>]
<figures/tampilanissueserror.png, id=226, 653.44125pt x 243.15843pt>
File: figures/tampilanissueserror.png Graphic file (type png)
<use figures/tampilanissueserror.png>
Package pdftex.def Info: figures/tampilanissueserror.png  used on input line 82
.
(pdftex.def)             Requested size: 341.43306pt x 127.05159pt.
<figures/tampilanissuespenyelesaian.png, id=227, 741.52031pt x 314.67563pt>
File: figures/tampilanissuespenyelesaian.png Graphic file (type png)
<use figures/tampilanissuespenyelesaian.png>
Package pdftex.def Info: figures/tampilanissuespenyelesaian.png  used on input 
line 89.
(pdftex.def)             Requested size: 341.43306pt x 144.89178pt.
) [13 <./figures/tampilanissueserror.png> <./figures/tampilanissuespenyelesaian
.png>]
No file PCPK.bbl.
Package atveryend Info: Empty hook `BeforeClearDocument' on input line 99.
Package atveryend Info: Empty hook `AfterLastShipout' on input line 99.
(PCPK.aux (section/dedication.aux) (section/acknowlegements.aux)
(section/abstract.aux) (section/chapter1.aux) (section/chapter2.aux))
Package atveryend Info: Executing hook `AtVeryEndDocument' on input line 99.
Package atveryend Info: Executing hook `AtEndAfterFileList' on input line 99.
Package rerunfilecheck Info: File `PCPK.out' has not changed.
(rerunfilecheck)             Checksum: 26B8DABAA71AFEB148B987B512E4422B;288.
Package atveryend Info: Empty hook `AtVeryVeryEnd' on input line 99.
 ) 
Here is how much of TeX's memory you used:
 7686 strings out of 492945
 113248 string characters out of 3124032
 394029 words of memory out of 3000000
 11373 multiletter control sequences out of 15000+200000
 13057 words of font info for 49 fonts, out of 3000000 for 9000
 1141 hyphenation exceptions out of 8191
 32i,7n,47p,396b,410s stack positions out of 5000i,500n,10000p,200000b,50000s
<C:/Users/bobbidybob/AppData/Local/Programs/MiKTeX 2.9/fonts/type1/public/ams
fonts/cm/cmbx12.pfb><C:/Users/bobbidybob/AppData/Local/Programs/MiKTeX 2.9/font
s/type1/public/amsfonts/cm/cmr12.pfb><C:/Users/bobbidybob/AppData/Local/Program
s/MiKTeX 2.9/fonts/type1/public/amsfonts/cm/cmr17.pfb><C:/Users/bobbidybob/AppD
ata/Local/Programs/MiKTeX 2.9/fonts/type1/public/amsfonts/cm/cmti12.pfb>
Output written on PCPK.pdf (19 pages, 2676633 bytes).
PDF statistics:
 268 PDF objects out of 1000 (max. 8388607)
 71 named destinations out of 1000 (max. 500000)
 171 words of extra memory for PDF output out of 10000 (max. 10000000)

